[2024-06-02 00:33:49,776][__main__][INFO] - sim_config:
  visualize_desired: true
  draw_frames: true
  time_step: 0.005
  use_realtime: true
  delay_before_execution: 3
  closed_loop: true
  save_plots: false
  scene_directive_name: planar_pushing_iiwa_plant_hydroelastic.yaml
  use_hardware: true
  pusher_z_offset: 0.03
  default_joint_positions:
  - 0.0776
  - 1.0562
  - 0.3326
  - -1.3048
  - 2.7515
  - -0.8441
  - 0.5127
mpc_config:
  _target_: planning_through_contact.simulation.controllers.hybrid_mpc.HybridMpcConfig
  step_size: 0.06
  horizon: 20
  num_sliding_steps: 1
  rate_Hz: 50
  Q:
  - 3
  - 3
  - 0.01
  - 0
  Q_scaling: 100
  Q_N:
  - 3
  - 3
  - 0.01
  - 0
  Q_N_scaling: 2000
  R:
  - 1
  - 1
  - 0.01
  R_scaling: 0.5
  u_max_magnitude:
  - 4
  - 4
  - 2
  lam_max: 0.8
  lam_min: 0.2
optitrack_config:
  _target_: planning_through_contact.simulation.sensors.optitrack_config.OptitrackConfig
  iiwa_id: 4
  slider_id: 10
  p_W_pB:
  - 0.3
  - -0.04285714
  - 0.019528
  R_W_oB:
  - 0.0014019521180919092
  - 0.0017132056231440778
  - 2.5206443933848894
  p_W_oB:
  - 0.30213178
  - -0.05107934
  - 0.02950026
realsense_config:
  realsense_camera_config:
    _target_: planning_through_contact.simulation.sensors.realsense_camera_config.RealsenseCameraConfig
    width: 640
    height: 480
    fps: 30
  should_record: true
  camera1_name: camera_top
  camera1_serial_number: '822512060233'
  camera2_name: camera_front
  camera2_serial_number: '818312071101'
  camera3_name: camera_side
  camera3_serial_number: '802212061325'
trajectory_set_name: hw_demos_20240207195018_tee_seed_0
trajectory_index: 7
use_rounded: true
save_experiment_data: true
log_dir: 2024-06-02/00-33-49

